Temp/gradleOut/build/outputs/logs/manifest-merger-debug-report.txt
-- Merging decision tree log ---
manifest
ADDED from src\main\AndroidManifest.xml:2:1-26:12
INJECTED from src\main\AndroidManifest.xml:2:1-26:12
INJECTED from src\main\AndroidManifest.xml:2:1-26:12
INJECTED from src\main\AndroidManifest.xml:2:1-26:12
INJECTED from src\main\AndroidManifest.xml:2:1-26:12
INJECTED from src\main\AndroidManifest.xml:2:1-26:12
INJECTED from src\main\AndroidManifest.xml:2:1-26:12
	package
		ADDED from src\main\AndroidManifest.xml:2:70-111
		INJECTED from src\main\AndroidManifest.xml
		INJECTED from src\main\AndroidManifest.xml
	android:versionName
		INJECTED from src\main\AndroidManifest.xml
		ADDED from src\main\AndroidManifest.xml:2:1-26:12
		INJECTED from src\main\AndroidManifest.xml
	xmlns:tools
		ADDED from src\main\AndroidManifest.xml:2:112-158
	android:versionCode
		INJECTED from src\main\AndroidManifest.xml
		ADDED from src\main\AndroidManifest.xml:2:1-26:12
		INJECTED from src\main\AndroidManifest.xml
	xmlns:android
		ADDED from src\main\AndroidManifest.xml:2:11-69
	android:installLocation
		ADDED from src\main\AndroidManifest.xml:2:159-199
supports-screens
ADDED from src\main\AndroidManifest.xml:3:3-163
	android:largeScreens
		ADDED from src\main\AndroidManifest.xml:3:78-105
	android:smallScreens
		ADDED from src\main\AndroidManifest.xml:3:21-48
	android:normalScreens
		ADDED from src\main\AndroidManifest.xml:3:49-77
	android:xlargeScreens
		ADDED from src\main\AndroidManifest.xml:3:106-134
	android:anyDensity
		ADDED from src\main\AndroidManifest.xml:3:135-160
uses-permission#android.permission.VIBRATE
ADDED from src\main\AndroidManifest.xml:4:3-64
	android:name
		ADDED from src\main\AndroidManifest.xml:4:20-61
application
ADDED from src\main\AndroidManifest.xml:5:3-17:17
	android:label
		ADDED from src\main\AndroidManifest.xml:5:90-122
	android:icon
		ADDED from src\main\AndroidManifest.xml:5:58-89
	android:banner
		ADDED from src\main\AndroidManifest.xml:5:145-182
	android:theme
		ADDED from src\main\AndroidManifest.xml:5:16-57
	android:isGame
		ADDED from src\main\AndroidManifest.xml:5:123-144
activity#com.unity3d.player.UnityPlayerActivity
ADDED from src\main\AndroidManifest.xml:6:5-13:16
	android:screenOrientation
		ADDED from src\main\AndroidManifest.xml:6:102-140
	android:label
		ADDED from src\main\AndroidManifest.xml:6:69-101
	android:launchMode
		ADDED from src\main\AndroidManifest.xml:6:141-172
	android:hardwareAccelerated
		ADDED from src\main\AndroidManifest.xml:6:355-390
	android:configChanges
		ADDED from src\main\AndroidManifest.xml:6:173-354
	android:name
		ADDED from src\main\AndroidManifest.xml:6:15-68
intent-filter#action:name:android.intent.action.MAIN+category:name:android.intent.category.LAUNCHER+category:name:android.intent.category.LEANBACK_LAUNCHER
ADDED from src\main\AndroidManifest.xml:7:7-11:23
action#android.intent.action.MAIN
ADDED from src\main\AndroidManifest.xml:8:9-61
	android:name
		ADDED from src\main\AndroidManifest.xml:8:17-58
category#android.intent.category.LAUNCHER
ADDED from src\main\AndroidManifest.xml:9:9-69
	android:name
		ADDED from src\main\AndroidManifest.xml:9:19-66
category#android.intent.category.LEANBACK_LAUNCHER
ADDED from src\main\AndroidManifest.xml:10:9-78
	android:name
		ADDED from src\main\AndroidManifest.xml:10:19-75
meta-data#unityplayer.UnityActivity
ADDED from src\main\AndroidManifest.xml:12:7-82
	android:value
		ADDED from src\main\AndroidManifest.xml:12:59-79
	android:name
		ADDED from src\main\AndroidManifest.xml:12:18-58
meta-data#unity.build-id
ADDED from src\main\AndroidManifest.xml:14:5-101
	android:value
		ADDED from src\main\AndroidManifest.xml:14:46-98
	android:name
		ADDED from src\main\AndroidManifest.xml:14:16-45
meta-data#unity.splash-mode
ADDED from src\main\AndroidManifest.xml:15:5-69
	android:value
		ADDED from src\main\AndroidManifest.xml:15:49-66
	android:name
		ADDED from src\main\AndroidManifest.xml:15:16-48
meta-data#unity.splash-enable
ADDED from src\main\AndroidManifest.xml:16:5-74
	android:value
		ADDED from src\main\AndroidManifest.xml:16:51-71
	android:name
		ADDED from src\main\AndroidManifest.xml:16:16-50
uses-feature#0x00020000
ADDED from src\main\AndroidManifest.xml:18:3-52
	android:glEsVersion
		ADDED from src\main\AndroidManifest.xml:18:17-49
supports-gl-texture#GL_OES_compressed_ETC1_RGB8_texture
ADDED from src\main\AndroidManifest.xml:19:3-77
	android:name
		ADDED from src\main\AndroidManifest.xml:19:24-74
uses-permission#android.permission.INTERNET
ADDED from src\main\AndroidManifest.xml:20:3-65
	android:name
		ADDED from src\main\AndroidManifest.xml:20:20-62
uses-permission#android.permission.WRITE_EXTERNAL_STORAGE
ADDED from src\main\AndroidManifest.xml:21:3-106
	android:maxSdkVersion
		ADDED from src\main\AndroidManifest.xml:21:77-103
	android:name
		ADDED from src\main\AndroidManifest.xml:21:20-76
uses-permission#android.permission.READ_EXTERNAL_STORAGE
ADDED from src\main\AndroidManifest.xml:22:3-105
	android:maxSdkVersion
		ADDED from src\main\AndroidManifest.xml:22:76-102
	android:name
		ADDED from src\main\AndroidManifest.xml:22:20-75
uses-feature#android.hardware.touchscreen
ADDED from src\main\AndroidManifest.xml:23:3-88
	android:required
		ADDED from src\main\AndroidManifest.xml:23:61-85
	android:name
		ADDED from src\main\AndroidManifest.xml:23:17-60
uses-feature#android.hardware.touchscreen.multitouch
ADDED from src\main\AndroidManifest.xml:24:3-99
	android:required
		ADDED from src\main\AndroidManifest.xml:24:72-96
	android:name
		ADDED from src\main\AndroidManifest.xml:24:17-71
uses-feature#android.hardware.touchscreen.multitouch.distinct
ADDED from src\main\AndroidManifest.xml:25:3-108
	android:required
		ADDED from src\main\AndroidManifest.xml:25:81-105
	android:name
		ADDED from src\main\AndroidManifest.xml:25:17-80
uses-sdk
INJECTED from src\main\AndroidManifest.xml reason: use-sdk injection requested
INJECTED from src\main\AndroidManifest.xml
INJECTED from src\main\AndroidManifest.xml
INJECTED from src\main\AndroidManifest.xml
INJECTED from src\main\AndroidManifest.xml
	android:targetSdkVersion
		INJECTED from src\main\AndroidManifest.xml
		ADDED from src\main\AndroidManifest.xml
		INJECTED from src\main\AndroidManifest.xml
	android:minSdkVersion
		INJECTED from src\main\AndroidManifest.xml
		ADDED from src\main\AndroidManifest.xml
		INJECTED from src\main\AndroidManifest.xml